0000000000000000 0000000000000004 b fsdev_last_result
0000000000000000 a __start__
0000000000000000 T _start
0000000000000000 b _TLS_MODULE_BASE_
0000000000000008 0000000000000401 B __nx_dev_path_buf
00000000000000e0 T __nx_exit
00000000000000f0 T __nx_mod0
0000000000000140 0000000000000034 T exit
0000000000000180 0000000000000080 T main
0000000000000200 t __do_global_dtors_aux
0000000000000260 t frame_dummy
0000000000000290 0000000000000018 t _appletInfiniteSleepLoop
00000000000002b0 0000000000000108 t _appletCmdGetSession
00000000000003c0 00000000000000cc t _appletCmdInU8NoOut
000000000000040c 0000000000000004 b g_fsPriority
0000000000000490 00000000000000cc t _appletCmdInU32NoOut
0000000000000560 000000000000012c t _appletGetSessionProxy.constprop.0
0000000000000690 0000000000000148 t _appletOpenLibraryAppletProxy.constprop.0
00000000000007e0 00000000000000f8 t _appletCmdGetEvent
00000000000008e0 00000000000000d4 t _appletCmdNoInOutU8.isra.0
00000000000009c0 00000000000000d4 t _appletCmdNoInOutU32.isra.0
0000000000000aa0 00000000000000d4 t _appletCmdNoInOutU64.isra.0
0000000000000b80 00000000000000c0 t _appletCmdNoIO.isra.0
0000000000000c40 0000000000000010 T appletGetAppletType
0000000000000c50 00000000000001b8 T appletSetFocusHandlingMode
0000000000000e10 000000000000005c T appletSetCpuBoostMode
0000000000000e70 000000000000002c T appletCreateManagedDisplayLayer
0000000000000ea0 000000000000000c T appletGetAppletResourceUserId
0000000000000eb0 0000000000000138 t _appletHolderCreateState
0000000000000ff0 00000000000000b0 T appletHolderClose
00000000000010a0 0000000000000024 T appletHolderGetLibraryAppletInfo
00000000000010d0 0000000000000090 T appletNotifyRunning
0000000000001160 0000000000000078 T appletSetGamePlayRecordingState
00000000000011e0 0000000000000ad4 t _appletCleanup
0000000000001cc0 0000000000000048 T appletExit
0000000000001d10 0000000000000040 T appletGetLibraryAppletInfo
0000000000001d50 0000000000000c14 T appletInitialize
0000000000002970 0000000000000024 t _appletExitProcess
00000000000029a0 0000000000000074 T appletGetMessage
0000000000002a20 0000000000000264 T appletProcessMessage
0000000000002c90 0000000000000034 T appletMainLoop
0000000000002cd0 00000000000000cc t _smCmifCmdInPid
0000000000002da0 0000000000000078 t _smCleanup
0000000000002e20 0000000000000048 T smAddOverrideHandle
0000000000002e70 0000000000000054 T smGetServiceOverride
0000000000002ed0 00000000000001ac T smInitialize
0000000000003080 0000000000000048 T smExit
00000000000030d0 00000000000000d0 T smGetServiceOriginal
00000000000031a0 0000000000000120 T smGetServiceWrapper
00000000000032c0 000000000000001c W diagAbortWithResult
00000000000032e0 0000000000000208 T envSetup
00000000000034f0 0000000000000020 T envGetMainThreadHandle
0000000000003510 000000000000000c T envIsNso
0000000000003520 0000000000000014 T envHasHeapOverride
0000000000003540 000000000000000c T envGetHeapOverrideAddr
0000000000003550 000000000000000c T envGetHeapOverrideSize
0000000000003560 0000000000000014 T envHasArgv
0000000000003580 000000000000000c T envGetArgv
0000000000003590 000000000000000c T envGetExitFuncPtr
00000000000035a0 000000000000000c T envSetExitFuncPtr
00000000000035b0 000000000000000c T envHasRandomSeed
00000000000035c0 0000000000000010 T envGetRandomSeed
00000000000035d0 0000000000000014 T hosversionGet
00000000000035f0 0000000000000010 T hosversionSet
0000000000003600 000000000000009c T padConfigureInput
00000000000036a0 0000000000000024 T padInitializeWithMask
00000000000036d0 000000000000029c T padUpdate
0000000000003970 0000000000000050 t consoleDrawChar
00000000000039c0 00000000000000b8 t consoleNewRow
0000000000003a80 0000000000000194 t consolePrintChar.part.0
0000000000003c20 0000000000000df8 t con_write
0000000000004a20 0000000000000160 T consoleInit
0000000000004b80 0000000000000044 T consoleExit
0000000000004bd0 000000000000002c T consoleUpdate
0000000000004c00 00000000000001bc t ConsoleSwRenderer_drawChar
0000000000004dc0 00000000000000e8 t ConsoleSwRenderer_init
0000000000004eb0 0000000000000078 t ConsoleSwRenderer_flushAndSwap
0000000000004f30 00000000000000dc t ConsoleSwRenderer_scrollWindow
0000000000005010 0000000000000050 t ConsoleSwRenderer_deinit
0000000000005060 000000000000000c W getDefaultConsoleRenderer
000000000000506c T svcSetHeapSize
0000000000005080 T svcSetMemoryPermission
0000000000005088 T svcSetMemoryAttribute
0000000000005090 T svcUnmapMemory
0000000000005098 T svcQueryMemory
00000000000050ac T svcExitProcess
00000000000050b4 T svcSleepThread
00000000000050bc T svcMapSharedMemory
00000000000050c4 T svcUnmapSharedMemory
00000000000050cc T svcCreateTransferMemory
00000000000050e0 T svcCloseHandle
00000000000050e8 T svcResetSignal
00000000000050f0 T svcWaitSynchronization
0000000000005104 T svcArbitrateLock
000000000000510c T svcArbitrateUnlock
0000000000005114 T svcWaitProcessWideKeyAtomic
000000000000511c T svcSignalProcessWideKey
0000000000005124 T svcConnectToNamedPort
0000000000005138 T svcSendSyncRequest
0000000000005140 T svcBreak
0000000000005148 T svcReturnFromException
0000000000005150 T svcGetInfo
0000000000005164 T svcUnmapTransferMemory
0000000000005170 000000000000000c T eventLoadRemote
0000000000005180 0000000000000034 T eventWait
00000000000051c0 0000000000000054 T eventClose
0000000000005220 00000000000000c8 T mutexLock
00000000000052f0 0000000000000068 T mutexUnlock
0000000000005360 000000000000001c T mutexIsLockedByCurrentThread
0000000000005380 0000000000000050 T rmutexLock
00000000000053d0 0000000000000018 T rmutexUnlock
00000000000053f0 00000000000000a8 T tmemCreate
00000000000054a0 0000000000000034 T tmemUnmap
00000000000054e0 0000000000000030 T tmemCloseHandle
0000000000005510 000000000000009c T tmemWaitForPermission
00000000000055b0 0000000000000050 T tmemClose
0000000000005600 0000000000000064 t _memregionInitWithInfo
0000000000005670 0000000000000004 W __libnx_virtmem_rng
0000000000005680 0000000000000164 t _memregionFindRandom
00000000000057f0 0000000000000140 T virtmemSetup
0000000000005930 000000000000000c T virtmemLock
0000000000005940 000000000000000c T virtmemUnlock
0000000000005950 0000000000000050 T virtmemFindAslr
00000000000059a0 000000000000057c T waitObjects
0000000000005f20 00000000000000d4 t _apmCleanup
0000000000006000 0000000000000194 T apmInitialize
00000000000061a0 0000000000000048 T apmExit
00000000000061f0 00000000000000c8 T apmSetPerformanceConfiguration
00000000000062c0 000000000000012c t _hidCleanup
00000000000063f0 00000000000000d4 t _hidCmdInAruidNoOut
00000000000064d0 00000000000000e0 t _hidCmdInU32AruidNoOut
00000000000065b0 0000000000000194 t _hidGetStates
0000000000006750 000000000000026c T hidInitialize
00000000000069c0 0000000000000048 T hidExit
0000000000006a10 000000000000000c T hidGetSharedmemAddr
0000000000006a20 0000000000000090 T hidGetNpadStyleSet
0000000000006ab0 0000000000000084 T hidInitializeNpad
0000000000006b40 00000000000000a4 T hidGetNpadStatesFullKey
0000000000006bf0 00000000000000a4 T hidGetNpadStatesHandheld
0000000000006ca0 00000000000000a4 T hidGetNpadStatesJoyDual
0000000000006d50 00000000000000a4 T hidGetNpadStatesJoyLeft
0000000000006e00 00000000000000a4 T hidGetNpadStatesJoyRight
0000000000006eb0 0000000000000144 T hidGetNpadStatesGc
0000000000007000 00000000000000a8 T hidGetNpadStatesSystemExt
00000000000070b0 0000000000000008 T hidSetSupportedNpadStyleSet
00000000000070c0 0000000000000100 T hidSetSupportedNpadIdType
00000000000071c0 000000000000000c T nwindowGetDefault
00000000000071d0 00000000000000a4 T __nx_win_init
0000000000007280 0000000000000034 T __nx_win_exit
00000000000072c0 000000000000008c T framebufferMakeLinear
0000000000007350 0000000000000084 T framebufferClose
00000000000073e0 0000000000000290 T framebufferCreate
0000000000007670 000000000000007c T framebufferBegin
00000000000076f0 0000000000000198 T framebufferEnd
0000000000007890 0000000000000024 T nwindowIsValid
00000000000078c0 000000000000007c T nwindowClose
0000000000007940 00000000000000f8 T nwindowCreate
0000000000007a40 0000000000000038 T nwindowCreateFromLayer
0000000000007a80 0000000000000084 T nwindowSetDimensions
0000000000007b10 0000000000000180 T nwindowConfigureBuffer
0000000000007c90 00000000000001cc T nwindowDequeueBuffer
0000000000007e60 000000000000012c T nwindowQueueBuffer
0000000000007f90 00000000000000bc T nwindowReleaseBuffers
0000000000008050 0000000000000004 W __libnx_alloc
0000000000008060 0000000000000014 W __libnx_aligned_alloc
0000000000008080 0000000000000004 W __libnx_free
0000000000008090 0000000000000314 W argvSetup
00000000000083b0 00000000000001fc T __nx_dynamic
00000000000085b0 00000000000000d0 W __libnx_initheap
0000000000008680 00000000000000ec W __appInit
0000000000008770 0000000000000044 W __appExit
00000000000087c0 000000000000002c W __libnx_init
00000000000087f0 000000000000001c W __libnx_exit
0000000000008810 000000000000001c T __syscall_exit
0000000000008830 0000000000000034 T __syscall_getreent
0000000000008870 0000000000000004 T __syscall_lock_acquire
0000000000008880 0000000000000004 T __syscall_lock_release
0000000000008890 0000000000000004 T __syscall_lock_acquire_recursive
00000000000088a0 0000000000000004 T __syscall_lock_release_recursive
00000000000088b0 000000000000025c T __libnx_init_time
0000000000008b10 0000000000000098 T newlibSetup
0000000000008bb0 00000000000000e8 T nxlinkSetup
0000000000008ca0 0000000000000010 t fsdev_link
0000000000008cb0 0000000000000010 t fsdev_dirreset
0000000000008cc0 0000000000000010 t fsdev_chmod
0000000000008cd0 0000000000000018 t error_cmp
0000000000008cf0 0000000000000020 t fsdev_dirclose
0000000000008d10 000000000000001c t fsdev_close
0000000000008d30 0000000000000074 t fsdev_converttimetoutc
0000000000008db0 00000000000000f8 t fsdevFindDevice.part.0
0000000000008eb0 00000000000001cc t fsdev_fixpath
0000000000009080 000000000000009c t _fsdevUnmountDeviceStruct.part.0
0000000000009120 0000000000000010 t fsdev_fchmod
0000000000009130 0000000000000100 t fsdev_diropen
0000000000009230 00000000000000f8 t fsdev_statvfs
0000000000009330 000000000000007c t fsdev_fsync
00000000000093b0 00000000000000ec t fsdev_fstat
00000000000094a0 0000000000000094 t fsdev_ftruncate
0000000000009540 00000000000001d8 t fsdev_stat
0000000000009720 000000000000014c t fsdev_rename
0000000000009870 000000000000013c t fsdev_chdir
00000000000099b0 00000000000000a4 t fsdev_rmdir
0000000000009a60 00000000000000a4 t fsdev_mkdir
0000000000009b10 00000000000000a4 t fsdev_unlink
0000000000009bc0 000000000000013c t fsdev_write_safe
0000000000009d00 0000000000000134 t fsdev_read_safe
0000000000009e40 0000000000000100 t fsdev_read
0000000000009f40 00000000000001d4 t fsdev_dirnext
000000000000a120 0000000000000124 t fsdev_write
000000000000a250 0000000000000110 t fsdev_seek
000000000000a360 0000000000000230 t fsdev_open
000000000000a590 0000000000000324 T fsdevMountDevice
000000000000a8c0 0000000000000040 T fsdevMountSdmc
000000000000a900 00000000000000bc T __libnx_init_cwd
000000000000a9c0 0000000000000064 T fsdevUnmountAll
000000000000aa30 0000000000000128 T decode_utf8
000000000000ab58 T armDCacheFlush
000000000000ab88 t armDCacheFlush_L0
000000000000aba4 W __libnx_exception_entry
000000000000ac30 t __libnx_exception_entry_start
000000000000ad58 t __libnx_exception_entry_abort
000000000000ad5c t __libnx_exception_entry_end
000000000000ad64 T __libnx_exception_returnentry
000000000000ad7c T __aarch64_read_tp
000000000000ad90 0000000000000070 T condvarWaitTimeout
000000000000ae00 0000000000000410 T randomGet
000000000000b210 0000000000000020 T randomGet64
000000000000b230 0000000000000014 T shmemLoadRemote
000000000000b250 0000000000000070 T shmemMap
000000000000b2c0 0000000000000034 T shmemUnmap
000000000000b300 000000000000004c T shmemClose
000000000000b350 00000000000000b0 T __libnx_init_thread
000000000000b400 00000000000000b4 t _fsCleanup
000000000000b4c0 00000000000001c0 t _fsCmdNoIO
000000000000b680 00000000000001e0 t _fsFsCmdWithInPath
000000000000b860 00000000000001f8 t _fsFsCmdWithTwoInPaths
000000000000ba60 000000000000028c t _fsFsOpenCommon
000000000000bcf0 00000000000001fc t _fsFsCmdWithInPathAndOutU64
000000000000bef0 00000000000000f8 t _fsObjectClose
000000000000bff0 000000000000017c t _fsCmdGetSession.constprop.0
000000000000c170 00000000000002f8 T fsInitialize
000000000000c470 0000000000000048 T fsExit
000000000000c4c0 0000000000000008 T fsOpenSdCardFileSystem
000000000000c4d0 00000000000001ec T fsFsCreateFile
000000000000c6c0 0000000000000008 T fsFsDeleteFile
000000000000c6d0 0000000000000008 T fsFsCreateDirectory
000000000000c6e0 0000000000000008 T fsFsDeleteDirectory
000000000000c6f0 0000000000000008 T fsFsRenameFile
000000000000c700 0000000000000008 T fsFsRenameDirectory
000000000000c710 00000000000001f0 T fsFsGetEntryType
000000000000c900 0000000000000008 T fsFsOpenFile
000000000000c910 0000000000000008 T fsFsOpenDirectory
000000000000c920 0000000000000008 T fsFsGetFreeSpace
000000000000c930 0000000000000008 T fsFsGetTotalSpace
000000000000c940 0000000000000230 T fsFsGetFileTimeStampRaw
000000000000cb70 0000000000000004 T fsFsClose
000000000000cb80 0000000000000214 T fsFileRead
000000000000cda0 00000000000001f8 T fsFileWrite
000000000000cfa0 0000000000000008 T fsFileFlush
000000000000cfb0 00000000000001c0 T fsFileSetSize
000000000000cfb0 00000000000001c0 t fsFileSetSize.localalias
000000000000d170 00000000000001d4 T fsFileGetSize
000000000000d170 00000000000001d4 t fsFileGetSize.localalias
000000000000d350 0000000000000004 T fsFileClose
000000000000d360 0000000000000004 T fsDirClose
000000000000d370 0000000000000204 T fsDirRead
000000000000d580 00000000000000d0 t _nvCleanup
000000000000d650 00000000000000d4 t _nvCmdInitialize.constprop.0
000000000000d730 0000000000000018 W __nx_nv_create_tmem
000000000000d750 00000000000003a8 T nvInitialize
000000000000db00 0000000000000048 T nvExit
000000000000db50 00000000000000f4 T nvConvertError
000000000000dc50 0000000000000114 T nvOpen
000000000000dd70 0000000000000310 T nvIoctl
000000000000e080 00000000000000d4 T nvClose
000000000000e160 000000000000010c T nvQueryEvent
000000000000e270 00000000000000d0 t _setsysGetFirmwareVersionImpl
000000000000e340 0000000000000078 t _setsysCleanup
000000000000e3c0 00000000000000a0 T setsysInitialize
000000000000e460 0000000000000048 T setsysExit
000000000000e4b0 0000000000000048 T setsysGetFirmwareVersion
000000000000e500 000000000000027c t _timeCleanup
000000000000e780 0000000000000100 t _timeCmdGetSession.constprop.0
000000000000e880 0000000000000104 t _timeReadClockFromSharedMem
000000000000e990 0000000000000300 T timeInitialize
000000000000ec90 0000000000000048 T timeExit
000000000000ece0 0000000000000038 T timeGetServiceSession_SystemClock
000000000000ed20 00000000000000fc T timeGetCurrentTime
000000000000ee20 0000000000000108 T timeToCalendarTimeWithMyRule
000000000000ef30 0000000000000114 T timeToPosixTimeWithMyRule
000000000000f050 0000000000000230 t _viCleanup
000000000000f280 0000000000000100 t _viCmdGetSessionNoParams.constprop.0
000000000000f380 0000000000000368 T viInitialize
000000000000f6f0 0000000000000048 T viExit
000000000000f740 000000000000000c T viGetSession_IHOSBinderDriverRelay
000000000000f750 000000000000010c T viOpenDisplay
000000000000f860 00000000000000ec T viCloseDisplay
000000000000f950 00000000000000f4 T viCloseLayer
000000000000fa50 0000000000000394 T viCreateLayer
000000000000fdf0 00000000000000d8 T viSetLayerScalingMode
000000000000fed0 0000000000000074 t _nvFenceCleanup
000000000000ff50 0000000000000098 T nvFenceInit
000000000000fff0 0000000000000048 T nvFenceExit
0000000000010040 0000000000000290 T nvFenceWait
00000000000102d0 000000000000007c T nvMultiFenceWait
0000000000010350 00000000000000ac T nvMapInit
0000000000010400 0000000000000074 T nvMapExit
0000000000010480 000000000000008c T nvMapClose
0000000000010510 0000000000000160 T nvMapCreate
0000000000010670 0000000000000024 T nvioctlNvhostCtrl_EventSignal
00000000000106a0 000000000000003c T nvioctlNvhostCtrl_EventWait
00000000000106e0 0000000000000028 T nvioctlNvhostCtrl_EventWaitAsync
0000000000010710 0000000000000024 T nvioctlNvhostCtrl_EventRegister
0000000000010740 0000000000000024 T nvioctlNvhostCtrl_EventUnregister
0000000000010770 000000000000003c T nvioctlNvmap_Create
00000000000107b0 0000000000000030 T nvioctlNvmap_Alloc
00000000000107e0 0000000000000030 T nvioctlNvmap_Free
0000000000010810 000000000000003c T nvioctlNvmap_GetId
0000000000010850 000000000000001c T binderCreate
0000000000010870 000000000000035c T binderTransactParcel
0000000000010bd0 00000000000000e8 T binderConvertErrorCode
0000000000010cc0 0000000000000124 T binderAdjustRefcount
0000000000010df0 000000000000009c T binderInitSession
0000000000010e90 000000000000005c T binderClose
0000000000010ef0 0000000000000154 T binderGetNativeHandle
0000000000011050 00000000000000c8 T bqRequestBuffer
0000000000011120 0000000000000128 T bqDequeueBuffer
0000000000011250 00000000000000c8 T bqQueueBuffer
0000000000011320 0000000000000084 T bqCancelBuffer
00000000000113b0 00000000000000d0 T bqConnect
0000000000011480 0000000000000088 T bqDisconnect
0000000000011510 0000000000000194 T bqSetPreallocatedBuffer
00000000000116b0 0000000000000030 T parcelCreate
00000000000116e0 0000000000000174 T parcelTransact
0000000000011860 0000000000000080 T parcelWriteData
00000000000118e0 0000000000000088 T parcelReadData
0000000000011970 0000000000000020 T parcelWriteInt32
0000000000011990 0000000000000020 T parcelWriteUInt32
00000000000119b0 000000000000007c T parcelWriteString16
0000000000011a30 0000000000000030 T parcelWriteInterfaceToken
0000000000011a60 0000000000000024 T parcelReadInt32
0000000000011a90 0000000000000068 T parcelReadFlattenedObject
0000000000011b00 0000000000000044 T parcelWriteFlattenedObject
0000000000011b50 0000000000000184 T sessionmgrCreate
0000000000011ce0 0000000000000084 T sessionmgrClose
0000000000011d70 00000000000000a8 T sessionmgrAttachClient
0000000000011e20 0000000000000060 T sessionmgrDetachClient
0000000000011e80 00000000000000c4 T strncat
0000000000011f80 00000000000000b8 T strnlen
0000000000012040 00000000000000b4 T bsearch
0000000000012100 000000000000022c T memcpy
0000000000012100 T memmove
0000000000012340 0000000000000028 T gmtime
0000000000012380 0000000000000104 T memset
00000000000124a0 0000000000000080 T printf
0000000000012520 00000000000001a4 t _strtoul_l.isra.0
00000000000126e0 0000000000000040 T strtoul
0000000000012720 000000000000002c T aligned_alloc
0000000000012760 000000000000018c T _memalign_r
0000000000012900 0000000000000014 T __errno
0000000000012940 0000000000000130 T strlen
0000000000012a80 00000000000001b4 T strncmp
0000000000012c40 0000000000000840 T _malloc_r
0000000000013480 000000000000011c T _malloc_trim_r
00000000000135a0 00000000000002d8 T _free_r
0000000000013880 0000000000000278 T setvbuf
0000000000013b00 000000000000001c t stdio_exit_handler
0000000000013b20 000000000000006c t cleanup_stdio
0000000000013ba0 0000000000000128 t global_stdio_init.part.0
0000000000013ce0 000000000000000c T __sfp_lock_acquire
0000000000013d00 000000000000000c T __sfp_lock_release
0000000000013d20 0000000000000054 T __sinit
0000000000013d80 00000000000000a4 T __libc_init_array
0000000000013e40 00000000000000ac T strncpy
0000000000013f00 0000000000000038 T malloc
0000000000013f40 000000000000001c T free
0000000000013f60 000000000000004c T __sread
0000000000013fc0 0000000000000070 T __swrite
0000000000014040 0000000000000050 T __sseek
00000000000140a0 0000000000000008 T __sclose
00000000000140c0 000000000000000c T __malloc_lock
00000000000140e0 000000000000000c T __malloc_unlock
0000000000014100 0000000000000130 T _fclose_r
0000000000014240 0000000000000034 T setenv
0000000000014280 0000000000000004 W __call_exitprocs
00000000000142c0 0000000000000134 T strcmp
0000000000014400 0000000000000044 T __libc_fini_array
0000000000014460 00000000000002a0 T gmtime_r
0000000000014700 0000000000000258 T _setenv_r
0000000000014960 0000000000000098 T _fwalk_sglue
00000000000149f8 0000000000000790 t get_arg
0000000000015188 0000000000003bd4 T _vfprintf_r
0000000000018d5c 00000000000000cc t __sbprintf
0000000000018e40 00000000000000d0 T _wcrtomb_r
0000000000018f20 00000000000000b0 T __swhatbuf_r
0000000000018fe0 00000000000000e8 T __smakebuf_r
00000000000190e0 000000000000002c T __locale_mb_cur_max
0000000000019120 00000000000001ec T __sflush_r
0000000000019320 00000000000000bc T _fflush_r
00000000000193e0 0000000000000038 T __sprint_r
0000000000019420 00000000000001a4 t quorem
00000000000195e0 00000000000012f0 T _dtoa_r
000000000001a8e0 0000000000000010 T _wcsrtombs_r
000000000001a900 000000000000012c T __swsetup_r
000000000001aa40 00000000000000f4 T _findenv_r
000000000001ab40 0000000000000008 T __localeconv_l
000000000001ab60 0000000000000028 T _localeconv_r
000000000001aba0 0000000000000568 T _realloc_r
000000000001b120 00000000000000e0 T __utf8_wctomb
000000000001b200 0000000000000188 T _wcsnrtombs_l
000000000001b3a0 0000000000000054 T _wcsnrtombs_r
000000000001b400 00000000000000dc T memchr
000000000001b4e0 000000000000007c T frexp
000000000001b580 00000000000000cc T strchr
000000000001b660 000000000000000c T __env_lock
000000000001b680 000000000000000c T __env_unlock
000000000001b6a0 0000000000000064 T __assert_func
000000000001b720 00000000000000a4 T _Balloc
000000000001b7e0 0000000000000020 T _Bfree
000000000001b800 0000000000000118 T __multadd
000000000001b920 0000000000000094 T __hi0bits
000000000001b9c0 0000000000000100 T __lo0bits
000000000001bac0 000000000000004c T __i2b
000000000001bb20 0000000000000210 T __multiply
000000000001bd40 0000000000000104 T __pow5mult
000000000001be60 0000000000000174 T __lshift
000000000001bfe0 0000000000000050 T __mcmp
000000000001c040 00000000000001c4 T __mdiff
000000000001c220 000000000000014c T __d2b
000000000001c380 00000000000002dc T __utf8_mbtowc
000000000001c660 0000000000000080 T fiprintf
000000000001c6e0 00000000000004a4 T __sfvwrite_r
000000000001cba0 0000000000000018 T abort
000000000001cbc0 00000000000000bc T _calloc_r
000000000001cc7c 0000000000000790 t get_arg
000000000001d40c 0000000000002964 T _vfiprintf_r
000000000001fd70 00000000000000cc t __sbprintf
000000000001fe40 000000000000009c T _raise_r
000000000001fee0 000000000000001c T raise
000000000001ff00 0000000000000020 T _exit
000000000001ff20 000000000000016c T chdir
00000000000200a0 0000000000000218 T _concatenate_path
00000000000202c0 000000000000009c T _fstat_r
0000000000020360 0000000000000010 T _getpid_r
0000000000020380 0000000000000020 T __getreent
00000000000203a0 0000000000000060 T __get_handle
0000000000020400 00000000000000f4 T _close_r
0000000000020500 0000000000000008 t null_write
0000000000020520 0000000000000018 T setDefaultDevice
0000000000020540 00000000000000b8 T FindDevice
0000000000020600 000000000000002c T RemoveDevice
0000000000020640 00000000000000a4 T AddDevice
0000000000020700 0000000000000034 T GetDeviceOpTab
0000000000020740 0000000000000008 T _isatty_r
0000000000020760 0000000000000010 T _kill_r
0000000000020780 00000000000000a0 T _lseek_r
0000000000020820 00000000000000b0 T _read_r
00000000000208e0 0000000000000078 W _sbrk_r
0000000000020960 0000000000000014 T __libc_lock_acquire
0000000000020980 0000000000000014 T __libc_lock_release
00000000000209a0 0000000000000014 T __libc_lock_acquire_recursive
00000000000209c0 0000000000000014 T __libc_lock_release_recursive
00000000000209e0 00000000000000b0 T _write_r
0000000000020aa0 0000000000000380 t __trunctfdf2
0000000000020e20 0000000000000070 t __sfp_handle_exceptions
0000000000020ec0 0000000000000104 T strrchr
0000000000020fc8 T _init
0000000000021000 T _fini
0000000000022368 0000000000000014 r CSWTCH.1000
0000000000022500 0000000000000018 r grayScale
0000000000022518 0000000000000006 r colorCube
0000000000022520 0000000000000030 r colorTable
0000000000022550 R default_font_bin
0000000000024550 R default_font_bin_end
0000000000024550 0000000000000038 r g_nvColorFmtTable
0000000000024588 0000000000000024 r s_emptyFence.0
00000000000245b0 0000000000000020 r error_table
0000000000024660 0000000000000023 r g_bq_InterfaceDescriptor
0000000000024688 0000000000000101 R _ctype_
00000000000248c0 0000000000000010 r zeroes.0
00000000000248d0 0000000000000010 r blanks.1
00000000000248e0 000000000000006c R __action_table
0000000000024950 000000000000006c R __state_table
00000000000249c0 0000000000000100 R __chclass
0000000000024ad8 000000000000000c r p05.0
0000000000024ae8 0000000000000028 R __mprec_bigtens
0000000000024b10 00000000000000c8 R __mprec_tens
0000000000024cd0 0000000000000010 r zeroes.0
0000000000024ce0 0000000000000010 r blanks.1
0000000000024cf0 r __tls_align
0000000000024cf8 r __EH_FRAME_BEGIN__
0000000000024cf8 r __eh_frame_hdr_end
0000000000024cf8 r __eh_frame_hdr_start
00000000000296a4 r __FRAME_END__
000000000002a000 d __frame_dummy_init_array_entry
000000000002a000 d __init_array_start
000000000002a000 d __preinit_array_end
000000000002a000 d __preinit_array_start
000000000002a000 d __relro_start
000000000002a008 d __do_global_dtors_aux_fini_array_entry
000000000002a008 d __fini_array_start
000000000002a008 d __init_array_end
000000000002a010 0000000000000100 d dotab_stdout
000000000002a010 d __fini_array_end
000000000002a110 0000000000000100 d fsdev_devoptab
000000000002a210 0000000000000100 D dotab_stdnull
000000000002a310 a _DYNAMIC
000000000002a460 a _GLOBAL_OFFSET_TABLE_
000000000002a460 d __got_start__
000000000002a6d8 d __got_end__
000000000002b000 d __data_start
000000000002b000 0000000000000008 V __nx_applet_init_timeout
000000000002b008 0000000000000001 V __nx_applet_auto_notifyrunning
000000000002b00c 0000000000000004 V __nx_applet_type
000000000002b010 0000000000000008 d currentConsole
000000000002b018 0000000000000050 d defaultConsole
000000000002b068 0000000000000088 d s_consoleSwRenderer
000000000002b0f0 0000000000000008 V __nx_exception_stack_size
000000000002b0f8 0000000000000001 V __nx_fsdev_support_cwd
000000000002b0fc 0000000000000004 V __nx_fsdev_direntry_cache_size
000000000002b100 0000000000000004 V __nx_fs_num_sessions
000000000002b104 0000000000000004 V __nx_nv_transfermem_size
000000000002b108 0000000000000004 V __nx_nv_service_type
000000000002b10c 0000000000000004 d g_viServiceType
000000000002b110 0000000000000004 V __nx_vi_stray_layer_flags
000000000002b114 0000000000000004 d g_ctrl_fd
000000000002b118 0000000000000004 d g_nvmap_fd
000000000002b120 0000000000000008 D _impure_ptr
000000000002b128 0000000000000240 D _impure_data
000000000002b368 0000000000000008 D __malloc_sbrk_base
000000000002b370 0000000000000008 D __malloc_trim_threshold
000000000002b378 0000000000000810 D __malloc_av_
000000000002bb88 0000000000000018 D __sglue
000000000002bba0 0000000000000008 D environ
000000000002bba8 0000000000000290 D __global_locale
000000000002be40 0000000000000400 d _current_working_directory
000000000002c240 0000000000002000 d handles
000000000002e240 0000000000000010 d __stderr_handle
000000000002e250 0000000000000010 d __stdout_handle
000000000002e260 0000000000000010 d __stdin_handle
000000000002e270 0000000000000118 D devoptab_list
000000000002e388 0000000000000004 d defaultDevice
000000000002e390 b __bss_start__
000000000002e390 b completed.1
000000000002e390 d __tdata_lma
000000000002e390 d __tdata_lma_end
000000000002e398 b object.0
000000000002e3c8 0000000000000008 b g_appletGuard
000000000002e3d0 0000000000000001 b g_appletInfoInitialized
000000000002e3d8 0000000000000050 b g_appletInfo
000000000002e428 0000000000000004 b g_appletCpuBoostMode
000000000002e430 000000000000000c b g_appletLibraryAppletLaunchableEvent
000000000002e43c 0000000000000001 b g_appletSuspendedTickInitialized
000000000002e440 0000000000000008 b g_appletSuspendedTick
000000000002e448 0000000000000008 b g_appletInitTickBase
000000000002e450 000000000000000c b g_appletSuspendedTickEvent
000000000002e45c 0000000000000001 b g_appletCopyrightInitialized
000000000002e460 0000000000000028 b g_appletCopyrightTmem
000000000002e488 0000000000000004 b g_appletRecordingInitialized
000000000002e490 0000000000000028 b g_appletRecordingTmem
000000000002e4b8 0000000000000018 b g_appletFirstHook
000000000002e4d0 0000000000000001 b g_appletNotifiedRunning
000000000002e4d1 0000000000000001 b g_appletFocusState
000000000002e4d4 0000000000000004 b g_appletPerformanceMode
000000000002e4d8 0000000000000001 b g_appletOperationMode
000000000002e4e0 0000000000000008 b g_appletResourceUserId
000000000002e4e8 000000000000000c b g_appletMessageEvent
000000000002e4f8 0000000000000010 b g_appletIDebugFunctions
000000000002e508 0000000000000010 b g_appletIDisplayController
000000000002e518 0000000000000010 b g_appletIAudioController
000000000002e528 0000000000000010 b g_appletIWindowController
000000000002e538 0000000000000010 b g_appletISelfController
000000000002e548 0000000000000010 b g_appletICommonStateGetter
000000000002e558 0000000000000010 b g_appletILibraryAppletCreator
000000000002e568 0000000000000010 b g_appletIProcessWindingController
000000000002e578 0000000000000010 b g_appletILibraryAppletSelfAccessor
000000000002e588 0000000000000010 b g_appletIApplicationCreator
000000000002e598 0000000000000010 b g_appletIGlobalStateController
000000000002e5a8 0000000000000010 b g_appletIFunctions
000000000002e5b8 0000000000000010 b g_appletIAppletCommonFunctions
000000000002e5c8 0000000000000004 b g_appletExitProcessResult
000000000002e5cc 0000000000000001 b g_appletExitProcessFlag
000000000002e5cd 0000000000000001 b g_appletLeftInitialized
000000000002e5d0 0000000000000010 b g_appletProxySession
000000000002e5e0 0000000000000010 b g_appletSrv
000000000002e5f0 0000000000000004 V __nx_applet_exit_mode
000000000002e5f8 0000000000000008 V __nx_applet_PerformanceConfiguration
000000000002e600 0000000000000080 V __nx_applet_AppletAttribute
000000000002e680 0000000000000008 b g_smGuard
000000000002e688 0000000000000008 b g_smOverridesNum
000000000002e690 0000000000000180 b g_smOverrides
000000000002e810 0000000000000010 b g_smSrv
000000000002e820 0000000000000008 b g_userIdStorage
000000000002e830 0000000000000010 b g_randomSeed
000000000002e840 0000000000000001 b g_hasRandomSeed
000000000002e844 0000000000000004 b g_lastLoadResult
000000000002e848 0000000000000008 b g_nextLoadArgv
000000000002e850 0000000000000008 b g_nextLoadPath
000000000002e858 0000000000000004 b g_processHandle
000000000002e860 0000000000000018 b g_syscallHints
000000000002e878 0000000000000008 b g_overrideArgv
000000000002e880 0000000000000008 b g_overrideHeapSize
000000000002e888 0000000000000008 b g_overrideHeapAddr
000000000002e890 0000000000000008 b g_loaderRetAddr
000000000002e898 0000000000000004 b g_mainThreadHandle
000000000002e8a0 0000000000000008 b g_loaderInfoSize
000000000002e8a8 0000000000000008 b g_loaderInfo
000000000002e8b0 0000000000000001 b g_isNso
000000000002e8b4 0000000000000004 b g_hosVersion
000000000002e8b8 0000000000000001 b didFirstConsoleInit.0
000000000002e8c0 0000000000000068 b escapeSeq
000000000002e928 0000000000000050 b currentCopy
000000000002e978 B __stack_top
000000000002e980 0000000000000001 b g_IsLegacyKernel
000000000002e988 0000000000000008 b g_Reservations
000000000002e990 0000000000000010 b g_StackRegion
000000000002e9a0 0000000000000010 b g_AslrRegion
000000000002e9b0 0000000000000010 b g_HeapRegion
000000000002e9c0 0000000000000010 b g_AliasRegion
000000000002e9d0 0000000000000004 b g_VirtmemMutex
000000000002e9d8 0000000000000008 b g_apmGuard
000000000002e9e0 0000000000000010 b g_apmISession
000000000002e9f0 0000000000000010 b g_apmSrv
000000000002ea00 0000000000000008 b g_hidGuard
000000000002ea08 0000000000000008 b g_sevenSixAxisSensorBuffer
000000000002ea10 0000000000000020 b g_hidSharedmem
000000000002ea30 0000000000000010 b g_hidIActiveVibrationDeviceList
000000000002ea40 0000000000000010 b g_hidIAppletResource
000000000002ea50 0000000000000010 b g_hidSrv
000000000002ea60 0000000000000080 b g_defaultWin
000000000002eae0 0000000000000010 b g_viLayer
000000000002eaf0 0000000000000050 b g_viDisplay
000000000002eb40 0000000000000008 b g_argv_empty
000000000002eb48 0000000000000008 B __system_argv
000000000002eb50 0000000000000004 B __system_argc
000000000002eb60 0000000000000340 B __nx_exceptiondump
000000000002eea0 0000000000000004 V __nx_exception_ignoredebug
000000000002eeb0 0000000000000400 V __nx_exception_stack
000000000002f2b0 0000000000000008 V __nx_heap_size
000000000002f2b8 0000000000000008 b __bootticks
000000000002f2c0 0000000000000008 b __boottime
000000000002f2c8 0000000000000004 V __nx_time_type
000000000002f2d0 0000000000000004 B __nxlink_host
000000000002f2e0 0000000000002800 b fsdev_fsdevices
0000000000031ae0 0000000000000004 b fsdev_fsdevice_cwd
0000000000031ae4 0000000000000001 b fsdev_initialised
0000000000031ae8 0000000000000004 b g_randMutex
0000000000031aec 0000000000000001 b g_randInit
0000000000031af0 0000000000000040 b g_chacha
0000000000031b30 0000000000000038 b g_mainThread
0000000000031b68 0000000000000008 b g_threadList
0000000000031b70 0000000000000004 b g_threadMutex
0000000000031b78 0000000000000008 b g_fsGuard
0000000000031b80 0000000000000054 b g_fsSessionMgr
0000000000031bd8 0000000000000010 b g_fsSrv
0000000000031be8 0000000000000008 b g_nvGuard
0000000000031bf0 0000000000000028 b g_nvTransfermem
0000000000031c18 0000000000000010 b g_nvSrvClone
0000000000031c28 0000000000000010 b g_nvSrv
0000000000031c38 0000000000000008 b g_setsysGuard
0000000000031c40 0000000000000010 b g_setsysSrv
0000000000031c50 0000000000000008 b g_timeGuard
0000000000031c58 0000000000000020 b g_timeSharedmem
0000000000031c78 0000000000000010 b g_timeLocalSystemClock
0000000000031c88 0000000000000010 b g_timeTimeZoneService
0000000000031c98 0000000000000010 b g_timeSteadyClock
0000000000031ca8 0000000000000010 b g_timeNetworkSystemClock
0000000000031cb8 0000000000000010 b g_timeUserSystemClock
0000000000031cc8 0000000000000010 b g_timeSrv
0000000000031cd8 0000000000000004 V __nx_time_service_type
0000000000031ce0 0000000000000008 b g_viGuard
0000000000031ce8 0000000000000010 b g_viIHOSBinderDriverIndirect
0000000000031cf8 0000000000000010 b g_viIManagerDisplayService
0000000000031d08 0000000000000010 b g_viISystemDisplayService
0000000000031d18 0000000000000010 b g_viIHOSBinderDriverRelay
0000000000031d28 0000000000000010 b g_viIApplicationDisplayService
0000000000031d38 0000000000000010 b g_viRootService
0000000000031d48 0000000000000008 V __nx_vi_layer_id
0000000000031d50 0000000000000008 b g_nvFenceGuard
0000000000031d58 0000000000000300 b g_NvEvents
0000000000032058 0000000000000008 b g_NvEventUsedMask
0000000000032060 0000000000000008 b g_nvMapGuard
0000000000032068 0000000000000050 B __malloc_current_mallinfo
00000000000320b8 0000000000000008 B __malloc_max_total_mem
00000000000320c0 0000000000000008 B __malloc_max_sbrked_mem
00000000000320c8 0000000000000008 B __malloc_top_pad
00000000000320d0 0000000000000008 b __sfp_recursive_mutex
00000000000320d8 0000000000000228 B __sf
0000000000032300 0000000000000008 B __stdio_exit_handler
0000000000032308 0000000000000008 b __malloc_recursive_mutex
0000000000032310 0000000000000004 b alloced.0
0000000000032318 0000000000000008 b initial_env
0000000000032320 0000000000000008 b __env_recursive_mutex
0000000000032330 0000000000000400 b temp_cwd
0000000000032730 0000000000000004 b __hndl_lock
0000000000032738 0000000000000008 B fake_heap_start
0000000000032740 0000000000000008 B fake_heap_end
0000000000032748 0000000000000008 b heap_start.0
0000000000032750 b __tls_start
0000000000032b60 b __bss_end__
0000000000032b60 b __end__
0000000000032b60 b __tls_end
0000000000033000 b __argdata__
